<?xml version="1.0" encoding="UTF-8"?>
<testsuite xmlns:xsi="http://www.w3.org/2001/XMLSchema-instance" xsi:noNamespaceSchemaLocation="https://maven.apache.org/surefire/maven-surefire-plugin/xsd/surefire-test-report-3.0.xsd" version="3.0" name="org.ml4j.nn.architectures.yolo.yolov2.YOLOv2DefinitionTest" time="0.021" tests="1" errors="0" skipped="0" failures="0">
  <properties>
[...]
</properties>
  <testcase name="testComponentGraphCreation" classname="org.ml4j.nn.architectures.yolo.yolov2.YOLOv2DefinitionTest" time="0.02">
    <system-out><![CDATA[00:18:40.143 DEBUG YOLOv2DefinitionTest                   Component:0:AXONS.DIRECTED.org.ml4j.nn.axons.AxonsBaseType.CONVOLUTIONAL: Input Neurons: Neurons3D [width=608, height=608, depth=3, hasBiasUnit=false, neuronCountIncludingBias=1108992, neuronCountExcludingBias=1108992]
00:18:40.143 DEBUG YOLOv2DefinitionTest                   Component:1:AXONS.DIRECTED.org.ml4j.nn.axons.AxonsBaseType.BATCH_NORM.SCALE_AND_SHIFT: Input Neurons: Neurons3D [width=608, height=608, depth=32, hasBiasUnit=false, neuronCountIncludingBias=11829248, neuronCountExcludingBias=11829248]
00:18:40.144 DEBUG YOLOv2DefinitionTest                   Component:2:ACTIVATION_FUNCTION.org.ml4j.nn.activationfunctions.ActivationFunctionBaseType.LEAKYRELU: Input Neurons: Neurons3D [width=608, height=608, depth=32, hasBiasUnit=false, neuronCountIncludingBias=11829248, neuronCountExcludingBias=11829248]
00:18:40.144 DEBUG YOLOv2DefinitionTest                   Component:3:AXONS.DIRECTED.org.ml4j.nn.axons.AxonsBaseType.MAX_POOLING: Input Neurons: Neurons3D [width=608, height=608, depth=32, hasBiasUnit=false, neuronCountIncludingBias=11829248, neuronCountExcludingBias=11829248]
00:18:40.144 DEBUG YOLOv2DefinitionTest                   Component:4:AXONS.DIRECTED.org.ml4j.nn.axons.AxonsBaseType.CONVOLUTIONAL: Input Neurons: Neurons3D [width=304, height=304, depth=32, hasBiasUnit=false, neuronCountIncludingBias=2957312, neuronCountExcludingBias=2957312]
00:18:40.144 DEBUG YOLOv2DefinitionTest                   Component:5:AXONS.DIRECTED.org.ml4j.nn.axons.AxonsBaseType.BATCH_NORM.SCALE_AND_SHIFT: Input Neurons: Neurons3D [width=304, height=304, depth=64, hasBiasUnit=false, neuronCountIncludingBias=5914624, neuronCountExcludingBias=5914624]
00:18:40.144 DEBUG YOLOv2DefinitionTest                   Component:6:ACTIVATION_FUNCTION.org.ml4j.nn.activationfunctions.ActivationFunctionBaseType.LEAKYRELU: Input Neurons: Neurons3D [width=304, height=304, depth=64, hasBiasUnit=false, neuronCountIncludingBias=5914624, neuronCountExcludingBias=5914624]
00:18:40.144 DEBUG YOLOv2DefinitionTest                   Component:7:AXONS.DIRECTED.org.ml4j.nn.axons.AxonsBaseType.MAX_POOLING: Input Neurons: Neurons3D [width=304, height=304, depth=64, hasBiasUnit=false, neuronCountIncludingBias=5914624, neuronCountExcludingBias=5914624]
00:18:40.144 DEBUG YOLOv2DefinitionTest                   Component:8:AXONS.DIRECTED.org.ml4j.nn.axons.AxonsBaseType.CONVOLUTIONAL: Input Neurons: Neurons3D [width=152, height=152, depth=64, hasBiasUnit=false, neuronCountIncludingBias=1478656, neuronCountExcludingBias=1478656]
00:18:40.144 DEBUG YOLOv2DefinitionTest                   Component:9:AXONS.DIRECTED.org.ml4j.nn.axons.AxonsBaseType.BATCH_NORM.SCALE_AND_SHIFT: Input Neurons: Neurons3D [width=152, height=152, depth=128, hasBiasUnit=false, neuronCountIncludingBias=2957312, neuronCountExcludingBias=2957312]
00:18:40.144 DEBUG YOLOv2DefinitionTest                   Component:10:ACTIVATION_FUNCTION.org.ml4j.nn.activationfunctions.ActivationFunctionBaseType.LEAKYRELU: Input Neurons: Neurons3D [width=152, height=152, depth=128, hasBiasUnit=false, neuronCountIncludingBias=2957312, neuronCountExcludingBias=2957312]
00:18:40.144 DEBUG YOLOv2DefinitionTest                   Component:11:AXONS.DIRECTED.org.ml4j.nn.axons.AxonsBaseType.CONVOLUTIONAL: Input Neurons: Neurons3D [width=152, height=152, depth=128, hasBiasUnit=false, neuronCountIncludingBias=2957312, neuronCountExcludingBias=2957312]
00:18:40.144 DEBUG YOLOv2DefinitionTest                   Component:12:AXONS.DIRECTED.org.ml4j.nn.axons.AxonsBaseType.BATCH_NORM.SCALE_AND_SHIFT: Input Neurons: Neurons3D [width=152, height=152, depth=64, hasBiasUnit=false, neuronCountIncludingBias=1478656, neuronCountExcludingBias=1478656]
00:18:40.144 DEBUG YOLOv2DefinitionTest                   Component:13:ACTIVATION_FUNCTION.org.ml4j.nn.activationfunctions.ActivationFunctionBaseType.LEAKYRELU: Input Neurons: Neurons3D [width=152, height=152, depth=64, hasBiasUnit=false, neuronCountIncludingBias=1478656, neuronCountExcludingBias=1478656]
00:18:40.144 DEBUG YOLOv2DefinitionTest                   Component:14:AXONS.DIRECTED.org.ml4j.nn.axons.AxonsBaseType.CONVOLUTIONAL: Input Neurons: Neurons3D [width=152, height=152, depth=64, hasBiasUnit=false, neuronCountIncludingBias=1478656, neuronCountExcludingBias=1478656]
00:18:40.144 DEBUG YOLOv2DefinitionTest                   Component:15:AXONS.DIRECTED.org.ml4j.nn.axons.AxonsBaseType.BATCH_NORM.SCALE_AND_SHIFT: Input Neurons: Neurons3D [width=152, height=152, depth=128, hasBiasUnit=false, neuronCountIncludingBias=2957312, neuronCountExcludingBias=2957312]
00:18:40.144 DEBUG YOLOv2DefinitionTest                   Component:16:ACTIVATION_FUNCTION.org.ml4j.nn.activationfunctions.ActivationFunctionBaseType.LEAKYRELU: Input Neurons: Neurons3D [width=152, height=152, depth=128, hasBiasUnit=false, neuronCountIncludingBias=2957312, neuronCountExcludingBias=2957312]
00:18:40.144 DEBUG YOLOv2DefinitionTest                   Component:17:AXONS.DIRECTED.org.ml4j.nn.axons.AxonsBaseType.MAX_POOLING: Input Neurons: Neurons3D [width=152, height=152, depth=128, hasBiasUnit=false, neuronCountIncludingBias=2957312, neuronCountExcludingBias=2957312]
00:18:40.144 DEBUG YOLOv2DefinitionTest                   Component:18:AXONS.DIRECTED.org.ml4j.nn.axons.AxonsBaseType.CONVOLUTIONAL: Input Neurons: Neurons3D [width=76, height=76, depth=128, hasBiasUnit=false, neuronCountIncludingBias=739328, neuronCountExcludingBias=739328]
00:18:40.144 DEBUG YOLOv2DefinitionTest                   Component:19:AXONS.DIRECTED.org.ml4j.nn.axons.AxonsBaseType.BATCH_NORM.SCALE_AND_SHIFT: Input Neurons: Neurons3D [width=76, height=76, depth=256, hasBiasUnit=false, neuronCountIncludingBias=1478656, neuronCountExcludingBias=1478656]
00:18:40.144 DEBUG YOLOv2DefinitionTest                   Component:20:ACTIVATION_FUNCTION.org.ml4j.nn.activationfunctions.ActivationFunctionBaseType.LEAKYRELU: Input Neurons: Neurons3D [width=76, height=76, depth=256, hasBiasUnit=false, neuronCountIncludingBias=1478656, neuronCountExcludingBias=1478656]
00:18:40.144 DEBUG YOLOv2DefinitionTest                   Component:21:AXONS.DIRECTED.org.ml4j.nn.axons.AxonsBaseType.CONVOLUTIONAL: Input Neurons: Neurons3D [width=76, height=76, depth=256, hasBiasUnit=false, neuronCountIncludingBias=1478656, neuronCountExcludingBias=1478656]
00:18:40.144 DEBUG YOLOv2DefinitionTest                   Component:22:AXONS.DIRECTED.org.ml4j.nn.axons.AxonsBaseType.BATCH_NORM.SCALE_AND_SHIFT: Input Neurons: Neurons3D [width=76, height=76, depth=128, hasBiasUnit=false, neuronCountIncludingBias=739328, neuronCountExcludingBias=739328]
00:18:40.144 DEBUG YOLOv2DefinitionTest                   Component:23:ACTIVATION_FUNCTION.org.ml4j.nn.activationfunctions.ActivationFunctionBaseType.LEAKYRELU: Input Neurons: Neurons3D [width=76, height=76, depth=128, hasBiasUnit=false, neuronCountIncludingBias=739328, neuronCountExcludingBias=739328]
00:18:40.144 DEBUG YOLOv2DefinitionTest                   Component:24:AXONS.DIRECTED.org.ml4j.nn.axons.AxonsBaseType.CONVOLUTIONAL: Input Neurons: Neurons3D [width=76, height=76, depth=128, hasBiasUnit=false, neuronCountIncludingBias=739328, neuronCountExcludingBias=739328]
00:18:40.144 DEBUG YOLOv2DefinitionTest                   Component:25:AXONS.DIRECTED.org.ml4j.nn.axons.AxonsBaseType.BATCH_NORM.SCALE_AND_SHIFT: Input Neurons: Neurons3D [width=76, height=76, depth=256, hasBiasUnit=false, neuronCountIncludingBias=1478656, neuronCountExcludingBias=1478656]
00:18:40.144 DEBUG YOLOv2DefinitionTest                   Component:26:ACTIVATION_FUNCTION.org.ml4j.nn.activationfunctions.ActivationFunctionBaseType.LEAKYRELU: Input Neurons: Neurons3D [width=76, height=76, depth=256, hasBiasUnit=false, neuronCountIncludingBias=1478656, neuronCountExcludingBias=1478656]
00:18:40.144 DEBUG YOLOv2DefinitionTest                   Component:27:AXONS.DIRECTED.org.ml4j.nn.axons.AxonsBaseType.MAX_POOLING: Input Neurons: Neurons3D [width=76, height=76, depth=256, hasBiasUnit=false, neuronCountIncludingBias=1478656, neuronCountExcludingBias=1478656]
00:18:40.144 DEBUG YOLOv2DefinitionTest                   Component:28:AXONS.DIRECTED.org.ml4j.nn.axons.AxonsBaseType.CONVOLUTIONAL: Input Neurons: Neurons3D [width=38, height=38, depth=256, hasBiasUnit=false, neuronCountIncludingBias=369664, neuronCountExcludingBias=369664]
00:18:40.144 DEBUG YOLOv2DefinitionTest                   Component:29:AXONS.DIRECTED.org.ml4j.nn.axons.AxonsBaseType.BATCH_NORM.SCALE_AND_SHIFT: Input Neurons: Neurons3D [width=38, height=38, depth=512, hasBiasUnit=false, neuronCountIncludingBias=739328, neuronCountExcludingBias=739328]
00:18:40.144 DEBUG YOLOv2DefinitionTest                   Component:30:ACTIVATION_FUNCTION.org.ml4j.nn.activationfunctions.ActivationFunctionBaseType.LEAKYRELU: Input Neurons: Neurons3D [width=38, height=38, depth=512, hasBiasUnit=false, neuronCountIncludingBias=739328, neuronCountExcludingBias=739328]
00:18:40.144 DEBUG YOLOv2DefinitionTest                   Component:31:AXONS.DIRECTED.org.ml4j.nn.axons.AxonsBaseType.CONVOLUTIONAL: Input Neurons: Neurons3D [width=38, height=38, depth=512, hasBiasUnit=false, neuronCountIncludingBias=739328, neuronCountExcludingBias=739328]
00:18:40.144 DEBUG YOLOv2DefinitionTest                   Component:32:AXONS.DIRECTED.org.ml4j.nn.axons.AxonsBaseType.BATCH_NORM.SCALE_AND_SHIFT: Input Neurons: Neurons3D [width=38, height=38, depth=256, hasBiasUnit=false, neuronCountIncludingBias=369664, neuronCountExcludingBias=369664]
00:18:40.144 DEBUG YOLOv2DefinitionTest                   Component:33:ACTIVATION_FUNCTION.org.ml4j.nn.activationfunctions.ActivationFunctionBaseType.LEAKYRELU: Input Neurons: Neurons3D [width=38, height=38, depth=256, hasBiasUnit=false, neuronCountIncludingBias=369664, neuronCountExcludingBias=369664]
00:18:40.144 DEBUG YOLOv2DefinitionTest                   Component:34:AXONS.DIRECTED.org.ml4j.nn.axons.AxonsBaseType.CONVOLUTIONAL: Input Neurons: Neurons3D [width=38, height=38, depth=256, hasBiasUnit=false, neuronCountIncludingBias=369664, neuronCountExcludingBias=369664]
00:18:40.144 DEBUG YOLOv2DefinitionTest                   Component:35:AXONS.DIRECTED.org.ml4j.nn.axons.AxonsBaseType.BATCH_NORM.SCALE_AND_SHIFT: Input Neurons: Neurons3D [width=38, height=38, depth=512, hasBiasUnit=false, neuronCountIncludingBias=739328, neuronCountExcludingBias=739328]
00:18:40.144 DEBUG YOLOv2DefinitionTest                   Component:36:ACTIVATION_FUNCTION.org.ml4j.nn.activationfunctions.ActivationFunctionBaseType.LEAKYRELU: Input Neurons: Neurons3D [width=38, height=38, depth=512, hasBiasUnit=false, neuronCountIncludingBias=739328, neuronCountExcludingBias=739328]
00:18:40.144 DEBUG YOLOv2DefinitionTest                   Component:37:AXONS.DIRECTED.org.ml4j.nn.axons.AxonsBaseType.CONVOLUTIONAL: Input Neurons: Neurons3D [width=38, height=38, depth=512, hasBiasUnit=false, neuronCountIncludingBias=739328, neuronCountExcludingBias=739328]
00:18:40.144 DEBUG YOLOv2DefinitionTest                   Component:38:AXONS.DIRECTED.org.ml4j.nn.axons.AxonsBaseType.BATCH_NORM.SCALE_AND_SHIFT: Input Neurons: Neurons3D [width=38, height=38, depth=256, hasBiasUnit=false, neuronCountIncludingBias=369664, neuronCountExcludingBias=369664]
00:18:40.144 DEBUG YOLOv2DefinitionTest                   Component:39:ACTIVATION_FUNCTION.org.ml4j.nn.activationfunctions.ActivationFunctionBaseType.LEAKYRELU: Input Neurons: Neurons3D [width=38, height=38, depth=256, hasBiasUnit=false, neuronCountIncludingBias=369664, neuronCountExcludingBias=369664]
00:18:40.145 DEBUG YOLOv2DefinitionTest                   Component:40:AXONS.DIRECTED.org.ml4j.nn.axons.AxonsBaseType.CONVOLUTIONAL: Input Neurons: Neurons3D [width=38, height=38, depth=256, hasBiasUnit=false, neuronCountIncludingBias=369664, neuronCountExcludingBias=369664]
00:18:40.145 DEBUG YOLOv2DefinitionTest                   Component:41:AXONS.DIRECTED.org.ml4j.nn.axons.AxonsBaseType.BATCH_NORM.SCALE_AND_SHIFT: Input Neurons: Neurons3D [width=38, height=38, depth=512, hasBiasUnit=false, neuronCountIncludingBias=739328, neuronCountExcludingBias=739328]
00:18:40.145 DEBUG YOLOv2DefinitionTest                   Component:42:ACTIVATION_FUNCTION.org.ml4j.nn.activationfunctions.ActivationFunctionBaseType.LEAKYRELU: Input Neurons: Neurons3D [width=38, height=38, depth=512, hasBiasUnit=false, neuronCountIncludingBias=739328, neuronCountExcludingBias=739328]
00:18:40.145 DEBUG YOLOv2DefinitionTest                   Component:43:COMPONENT_BIPOLE_GRAPH.org.ml4j.nn.components.onetone.DefaultDirectedComponentBipoleGraph: Input Neurons: Neurons3D [width=38, height=38, depth=512, hasBiasUnit=false, neuronCountIncludingBias=739328, neuronCountExcludingBias=739328]
00:18:40.145 DEBUG YOLOv2DefinitionTest                   Component:44:AXONS.DIRECTED.org.ml4j.nn.axons.AxonsBaseType.CONVOLUTIONAL: Input Neurons: Neurons3D [width=19, height=19, depth=1280, hasBiasUnit=false, neuronCountIncludingBias=462080, neuronCountExcludingBias=462080]
00:18:40.145 DEBUG YOLOv2DefinitionTest                   Component:45:AXONS.DIRECTED.org.ml4j.nn.axons.AxonsBaseType.BATCH_NORM.SCALE_AND_SHIFT: Input Neurons: Neurons3D [width=19, height=19, depth=1024, hasBiasUnit=true, neuronCountIncludingBias=369665, neuronCountExcludingBias=369664]
00:18:40.145 DEBUG YOLOv2DefinitionTest                   Component:46:ACTIVATION_FUNCTION.org.ml4j.nn.activationfunctions.ActivationFunctionBaseType.LEAKYRELU: Input Neurons: Neurons3D [width=19, height=19, depth=1024, hasBiasUnit=true, neuronCountIncludingBias=369665, neuronCountExcludingBias=369664]
00:18:40.145 DEBUG YOLOv2DefinitionTest                   Component:47:AXONS.DIRECTED.org.ml4j.nn.axons.AxonsBaseType.CONVOLUTIONAL: Input Neurons: Neurons3D [width=19, height=19, depth=1024, hasBiasUnit=true, neuronCountIncludingBias=369665, neuronCountExcludingBias=369664]
00:18:40.145 DEBUG YOLOv2DefinitionTest                   Component:48:ACTIVATION_FUNCTION.org.ml4j.nn.activationfunctions.ActivationFunctionBaseType.LINEAR: Input Neurons: Neurons3D [width=19, height=19, depth=425, hasBiasUnit=false, neuronCountIncludingBias=153425, neuronCountExcludingBias=153425]
00:18:40.148 DEBUG DummyDefaultDirectedComponentChain     Mock forward propagating through DummyDefaultDirectedComponentChain
00:18:40.149 DEBUG DummyDirectedAxonsComponent            Forward propagating through DummyDirectedAxonsComponent
00:18:40.149 DEBUG DummyBatchNormDirectedAxonsComponent   Forward propagating through DummyDirectedAxonsComponent
00:18:40.149 DEBUG DummyDirectedAxonsComponent            Forward propagating through DummyDirectedAxonsComponent
00:18:40.149 DEBUG DummyDirectedAxonsComponent            Forward propagating through DummyDirectedAxonsComponent
00:18:40.149 DEBUG DummyBatchNormDirectedAxonsComponent   Forward propagating through DummyDirectedAxonsComponent
00:18:40.149 DEBUG DummyDirectedAxonsComponent            Forward propagating through DummyDirectedAxonsComponent
00:18:40.149 DEBUG DummyDirectedAxonsComponent            Forward propagating through DummyDirectedAxonsComponent
00:18:40.149 DEBUG DummyBatchNormDirectedAxonsComponent   Forward propagating through DummyDirectedAxonsComponent
00:18:40.149 DEBUG DummyDirectedAxonsComponent            Forward propagating through DummyDirectedAxonsComponent
00:18:40.149 DEBUG DummyBatchNormDirectedAxonsComponent   Forward propagating through DummyDirectedAxonsComponent
00:18:40.149 DEBUG DummyDirectedAxonsComponent            Forward propagating through DummyDirectedAxonsComponent
00:18:40.149 DEBUG DummyBatchNormDirectedAxonsComponent   Forward propagating through DummyDirectedAxonsComponent
00:18:40.149 DEBUG DummyDirectedAxonsComponent            Forward propagating through DummyDirectedAxonsComponent
00:18:40.149 DEBUG DummyDirectedAxonsComponent            Forward propagating through DummyDirectedAxonsComponent
00:18:40.150 DEBUG DummyBatchNormDirectedAxonsComponent   Forward propagating through DummyDirectedAxonsComponent
00:18:40.150 DEBUG DummyDirectedAxonsComponent            Forward propagating through DummyDirectedAxonsComponent
00:18:40.150 DEBUG DummyBatchNormDirectedAxonsComponent   Forward propagating through DummyDirectedAxonsComponent
00:18:40.150 DEBUG DummyDirectedAxonsComponent            Forward propagating through DummyDirectedAxonsComponent
00:18:40.150 DEBUG DummyBatchNormDirectedAxonsComponent   Forward propagating through DummyDirectedAxonsComponent
00:18:40.150 DEBUG DummyDirectedAxonsComponent            Forward propagating through DummyDirectedAxonsComponent
00:18:40.150 DEBUG DummyDirectedAxonsComponent            Forward propagating through DummyDirectedAxonsComponent
00:18:40.150 DEBUG DummyBatchNormDirectedAxonsComponent   Forward propagating through DummyDirectedAxonsComponent
00:18:40.150 DEBUG DummyDirectedAxonsComponent            Forward propagating through DummyDirectedAxonsComponent
00:18:40.150 DEBUG DummyBatchNormDirectedAxonsComponent   Forward propagating through DummyDirectedAxonsComponent
00:18:40.150 DEBUG DummyDirectedAxonsComponent            Forward propagating through DummyDirectedAxonsComponent
00:18:40.150 DEBUG DummyBatchNormDirectedAxonsComponent   Forward propagating through DummyDirectedAxonsComponent
00:18:40.150 DEBUG DummyDirectedAxonsComponent            Forward propagating through DummyDirectedAxonsComponent
00:18:40.150 DEBUG DummyBatchNormDirectedAxonsComponent   Forward propagating through DummyDirectedAxonsComponent
00:18:40.150 DEBUG DummyDirectedAxonsComponent            Forward propagating through DummyDirectedAxonsComponent
00:18:40.150 DEBUG DummyBatchNormDirectedAxonsComponent   Forward propagating through DummyDirectedAxonsComponent
00:18:40.150 DEBUG DummyDefaultDirectedComponentBipoleGraph Mock forward propagating through DummyDefaultDirectedComponentChainBipoleGraph
00:18:40.150 DEBUG DummyDirectedAxonsComponent            Forward propagating through DummyDirectedAxonsComponent
00:18:40.150 DEBUG DummyBatchNormDirectedAxonsComponent   Forward propagating through DummyDirectedAxonsComponent
00:18:40.150 DEBUG DummyDirectedAxonsComponent            Forward propagating through DummyDirectedAxonsComponent
00:18:40.151 DEBUG DummyNeuronsActivation                 Creating activations matrix from neurons activation
]]></system-out>
  </testcase>
</testsuite>